<?xml version="1.0" encoding="UTF-8"?>
<!-- Generated by org.testng.reporters.JUnitReportReporter -->
<testsuite skipped="0" hostname="Macminis-Mac-mini.local" name="com.reports.reports.execute" tests="1" failures="0" timestamp="01 Feb 2018 16:29:20 GMT" time="84.683" errors="0">
  <testcase name="executer" time="84.683" classname="com.reports.reports.execute"/>
</testsuite> <!-- com.reports.reports.execute -->
