<?xml version="1.0" encoding="UTF-8" ?>
<testsuite tests="9" failures="1" name="TestSuite" time="649.286" errors="0" skipped="0">
  <properties>
    <property name="java.runtime.name" value="Java(TM) SE Runtime Environment"/>
    <property name="sun.boot.library.path" value="/Library/Java/JavaVirtualMachines/jdk1.8.0_151.jdk/Contents/Home/jre/lib"/>
    <property name="java.vm.version" value="25.151-b12"/>
    <property name="gopherProxySet" value="false"/>
    <property name="java.vm.vendor" value="Oracle Corporation"/>
    <property name="java.vendor.url" value="http://java.oracle.com/"/>
    <property name="path.separator" value=":"/>
    <property name="java.vm.name" value="Java HotSpot(TM) 64-Bit Server VM"/>
    <property name="file.encoding.pkg" value="sun.io"/>
    <property name="user.country" value="US"/>
    <property name="sun.java.launcher" value="SUN_STANDARD"/>
    <property name="sun.os.patch.level" value="unknown"/>
    <property name="java.vm.specification.name" value="Java Virtual Machine Specification"/>
    <property name="user.dir" value="/Users/macmini/eclipse-workspace/ANDROID_ARMS"/>
    <property name="java.runtime.version" value="1.8.0_151-b12"/>
    <property name="java.awt.graphicsenv" value="sun.awt.CGraphicsEnvironment"/>
    <property name="basedir" value="/Users/macmini/eclipse-workspace/ANDROID_ARMS"/>
    <property name="java.endorsed.dirs" value="/Library/Java/JavaVirtualMachines/jdk1.8.0_151.jdk/Contents/Home/jre/lib/endorsed"/>
    <property name="os.arch" value="x86_64"/>
    <property name="surefire.real.class.path" value="/var/folders/23/y4pv324s7czgvpkps44hklg80000gn/T/surefirebooter2545616287532278128.jar:/Users/macmini/.m2/repository/org/aspectj/aspectjweaver/1.8.13/aspectjweaver-1.8.13.jar"/>
    <property name="java.io.tmpdir" value="/var/folders/23/y4pv324s7czgvpkps44hklg80000gn/T/"/>
    <property name="line.separator" value="
"/>
    <property name="java.vm.specification.vendor" value="Oracle Corporation"/>
    <property name="https.proxyHost" value="127.0.0.1"/>
    <property name="os.name" value="Mac OS X"/>
    <property name="sun.jnu.encoding" value="UTF-8"/>
    <property name="java.library.path" value="/Users/macmini/Library/Java/Extensions:/Library/Java/Extensions:/Network/Library/Java/Extensions:/System/Library/Java/Extensions:/usr/lib/java:."/>
    <property name="http.proxyPort" value="8111"/>
    <property name="surefire.test.class.path" value="/Users/macmini/eclipse-workspace/ANDROID_ARMS/target/test-classes:/Users/macmini/eclipse-workspace/ANDROID_ARMS/target/classes:/Users/macmini/.m2/repository/junit/junit/3.8.1/junit-3.8.1.jar:/Users/macmini/.m2/repository/org/testng/testng/6.9.4/testng-6.9.4.jar:/Users/macmini/.m2/repository/org/beanshell/bsh/2.0b4/bsh-2.0b4.jar:/Users/macmini/.m2/repository/com/beust/jcommander/1.48/jcommander-1.48.jar:/Users/macmini/.m2/repository/org/seleniumhq/selenium/selenium-server/2.51.0/selenium-server-2.51.0.jar:/Users/macmini/.m2/repository/org/bouncycastle/bcprov-jdk15on/1.48/bcprov-jdk15on-1.48.jar:/Users/macmini/.m2/repository/org/bouncycastle/bcpkix-jdk15on/1.48/bcpkix-jdk15on-1.48.jar:/Users/macmini/.m2/repository/mx4j/mx4j-tools/3.0.1/mx4j-tools-3.0.1.jar:/Users/macmini/.m2/repository/org/seleniumhq/selenium/jetty-repacked/9.2.13.v20150730/jetty-repacked-9.2.13.v20150730.jar:/Users/macmini/.m2/repository/javax/servlet/javax.servlet-api/3.1.0/javax.servlet-api-3.1.0.jar:/Users/macmini/.m2/repository/org/seleniumhq/selenium/jetty-rc-repacked/5/jetty-rc-repacked-5.jar:/Users/macmini/.m2/repository/net/jcip/jcip-annotations/1.0/jcip-annotations-1.0.jar:/Users/macmini/.m2/repository/org/yaml/snakeyaml/1.8/snakeyaml-1.8.jar:/Users/macmini/.m2/repository/commons-codec/commons-codec/1.10/commons-codec-1.10.jar:/Users/macmini/.m2/repository/org/seleniumhq/selenium/selenium-java/2.51.0/selenium-java-2.51.0.jar:/Users/macmini/.m2/repository/org/seleniumhq/selenium/selenium-chrome-driver/2.51.0/selenium-chrome-driver-2.51.0.jar:/Users/macmini/.m2/repository/org/seleniumhq/selenium/selenium-edge-driver/2.51.0/selenium-edge-driver-2.51.0.jar:/Users/macmini/.m2/repository/org/seleniumhq/selenium/selenium-htmlunit-driver/2.51.0/selenium-htmlunit-driver-2.51.0.jar:/Users/macmini/.m2/repository/net/sourceforge/htmlunit/htmlunit/2.18/htmlunit-2.18.jar:/Users/macmini/.m2/repository/xalan/xalan/2.7.2/xalan-2.7.2.jar:/Users/macmini/.m2/repository/xalan/serializer/2.7.2/serializer-2.7.2.jar:/Users/macmini/.m2/repository/org/apache/commons/commons-lang3/3.4/commons-lang3-3.4.jar:/Users/macmini/.m2/repository/org/apache/httpcomponents/httpmime/4.5/httpmime-4.5.jar:/Users/macmini/.m2/repository/net/sourceforge/htmlunit/htmlunit-core-js/2.17/htmlunit-core-js-2.17.jar:/Users/macmini/.m2/repository/xerces/xercesImpl/2.11.0/xercesImpl-2.11.0.jar:/Users/macmini/.m2/repository/xml-apis/xml-apis/1.4.01/xml-apis-1.4.01.jar:/Users/macmini/.m2/repository/net/sourceforge/nekohtml/nekohtml/1.9.22/nekohtml-1.9.22.jar:/Users/macmini/.m2/repository/net/sourceforge/cssparser/cssparser/0.9.16/cssparser-0.9.16.jar:/Users/macmini/.m2/repository/org/w3c/css/sac/1.3/sac-1.3.jar:/Users/macmini/.m2/repository/org/eclipse/jetty/websocket/websocket-client/9.2.12.v20150709/websocket-client-9.2.12.v20150709.jar:/Users/macmini/.m2/repository/org/eclipse/jetty/jetty-util/9.2.12.v20150709/jetty-util-9.2.12.v20150709.jar:/Users/macmini/.m2/repository/org/eclipse/jetty/jetty-io/9.2.12.v20150709/jetty-io-9.2.12.v20150709.jar:/Users/macmini/.m2/repository/org/eclipse/jetty/websocket/websocket-common/9.2.12.v20150709/websocket-common-9.2.12.v20150709.jar:/Users/macmini/.m2/repository/org/eclipse/jetty/websocket/websocket-api/9.2.12.v20150709/websocket-api-9.2.12.v20150709.jar:/Users/macmini/.m2/repository/commons-collections/commons-collections/3.2.2/commons-collections-3.2.2.jar:/Users/macmini/.m2/repository/org/seleniumhq/selenium/selenium-ie-driver/2.51.0/selenium-ie-driver-2.51.0.jar:/Users/macmini/.m2/repository/net/java/dev/jna/jna/4.1.0/jna-4.1.0.jar:/Users/macmini/.m2/repository/net/java/dev/jna/jna-platform/4.1.0/jna-platform-4.1.0.jar:/Users/macmini/.m2/repository/org/seleniumhq/selenium/selenium-safari-driver/2.51.0/selenium-safari-driver-2.51.0.jar:/Users/macmini/.m2/repository/org/seleniumhq/selenium/selenium-support/2.51.0/selenium-support-2.51.0.jar:/Users/macmini/.m2/repository/org/webbitserver/webbit/0.4.14/webbit-0.4.14.jar:/Users/macmini/.m2/repository/io/netty/netty/3.5.2.Final/netty-3.5.2.Final.jar:/Users/macmini/.m2/repository/org/seleniumhq/selenium/selenium-leg-rc/2.51.0/selenium-leg-rc-2.51.0.jar:/Users/macmini/.m2/repository/org/seleniumhq/selenium/selenium-firefox-driver/2.51.0/selenium-firefox-driver-2.51.0.jar:/Users/macmini/.m2/repository/org/seleniumhq/selenium/selenium-remote-driver/2.51.0/selenium-remote-driver-2.51.0.jar:/Users/macmini/.m2/repository/cglib/cglib-nodep/2.1_3/cglib-nodep-2.1_3.jar:/Users/macmini/.m2/repository/org/seleniumhq/selenium/selenium-api/2.51.0/selenium-api-2.51.0.jar:/Users/macmini/.m2/repository/commons-io/commons-io/2.4/commons-io-2.4.jar:/Users/macmini/.m2/repository/org/apache/commons/commons-exec/1.3/commons-exec-1.3.jar:/Users/macmini/.m2/repository/com/googlecode/json-simple/json-simple/1.1/json-simple-1.1.jar:/Users/macmini/.m2/repository/org/apache/poi/poi/3.9/poi-3.9.jar:/Users/macmini/.m2/repository/io/appium/java-client/3.2.0/java-client-3.2.0.jar:/Users/macmini/.m2/repository/com/google/code/gson/gson/2.2.4/gson-2.2.4.jar:/Users/macmini/.m2/repository/org/apache/httpcomponents/httpclient/4.3.3/httpclient-4.3.3.jar:/Users/macmini/.m2/repository/org/apache/httpcomponents/httpcore/4.3.2/httpcore-4.3.2.jar:/Users/macmini/.m2/repository/commons-logging/commons-logging/1.1.3/commons-logging-1.1.3.jar:/Users/macmini/.m2/repository/com/google/guava/guava/17.0/guava-17.0.jar:/Users/macmini/.m2/repository/cglib/cglib/3.1/cglib-3.1.jar:/Users/macmini/.m2/repository/org/ow2/asm/asm/4.2/asm-4.2.jar:/Users/macmini/.m2/repository/commons-validator/commons-validator/1.4.1/commons-validator-1.4.1.jar:/Users/macmini/.m2/repository/commons-beanutils/commons-beanutils/1.8.3/commons-beanutils-1.8.3.jar:/Users/macmini/.m2/repository/commons-digester/commons-digester/1.8.1/commons-digester-1.8.1.jar:/Users/macmini/.m2/repository/ru/yandex/qatools/allure/allure-testng-adaptor/1.5.4/allure-testng-adaptor-1.5.4.jar:/Users/macmini/.m2/repository/ru/yandex/qatools/allure/allure-java-aspects/1.5.4/allure-java-aspects-1.5.4.jar:/Users/macmini/.m2/repository/ru/yandex/qatools/allure/allure-java-adaptor-api/1.5.4/allure-java-adaptor-api-1.5.4.jar:/Users/macmini/.m2/repository/ru/yandex/qatools/allure/allure-java-annotations/1.5.4/allure-java-annotations-1.5.4.jar:/Users/macmini/.m2/repository/ru/yandex/qatools/allure/allure-model/1.5.4/allure-model-1.5.4.jar:/Users/macmini/.m2/repository/org/jvnet/jaxb2_commons/jaxb2-basics-runtime/0.9.3/jaxb2-basics-runtime-0.9.3.jar:/Users/macmini/.m2/repository/ru/qatools/commons/properties/2.0.RC5/properties-2.0.RC5.jar:/Users/macmini/.m2/repository/org/slf4j/slf4j-api/1.7.12/slf4j-api-1.7.12.jar:/Users/macmini/.m2/repository/org/apache/tika/tika-core/1.7/tika-core-1.7.jar:/Users/macmini/.m2/repository/org/aspectj/aspectjrt/1.8.3/aspectjrt-1.8.3.jar:/Users/macmini/.m2/repository/log4j/log4j/1.2.17/log4j-1.2.17.jar:"/>
    <property name="java.specification.name" value="Java Platform API Specification"/>
    <property name="java.class.version" value="52.0"/>
    <property name="sun.management.compiler" value="HotSpot 64-Bit Tiered Compilers"/>
    <property name="os.version" value="10.13.2"/>
    <property name="user.home" value="/Users/macmini"/>
    <property name="user.timezone" value="Asia/Kolkata"/>
    <property name="java.awt.printerjob" value="sun.lwawt.macosx.CPrinterJob"/>
    <property name="java.specification.version" value="1.8"/>
    <property name="file.encoding" value="UTF-8"/>
    <property name="user.name" value="macmini"/>
    <property name="java.class.path" value="/Users/macmini/eclipse-workspace/ANDROID_ARMS/target/test-classes:/Users/macmini/eclipse-workspace/ANDROID_ARMS/target/classes:/Users/macmini/.m2/repository/junit/junit/3.8.1/junit-3.8.1.jar:/Users/macmini/.m2/repository/org/testng/testng/6.9.4/testng-6.9.4.jar:/Users/macmini/.m2/repository/org/beanshell/bsh/2.0b4/bsh-2.0b4.jar:/Users/macmini/.m2/repository/com/beust/jcommander/1.48/jcommander-1.48.jar:/Users/macmini/.m2/repository/org/seleniumhq/selenium/selenium-server/2.51.0/selenium-server-2.51.0.jar:/Users/macmini/.m2/repository/org/bouncycastle/bcprov-jdk15on/1.48/bcprov-jdk15on-1.48.jar:/Users/macmini/.m2/repository/org/bouncycastle/bcpkix-jdk15on/1.48/bcpkix-jdk15on-1.48.jar:/Users/macmini/.m2/repository/mx4j/mx4j-tools/3.0.1/mx4j-tools-3.0.1.jar:/Users/macmini/.m2/repository/org/seleniumhq/selenium/jetty-repacked/9.2.13.v20150730/jetty-repacked-9.2.13.v20150730.jar:/Users/macmini/.m2/repository/javax/servlet/javax.servlet-api/3.1.0/javax.servlet-api-3.1.0.jar:/Users/macmini/.m2/repository/org/seleniumhq/selenium/jetty-rc-repacked/5/jetty-rc-repacked-5.jar:/Users/macmini/.m2/repository/net/jcip/jcip-annotations/1.0/jcip-annotations-1.0.jar:/Users/macmini/.m2/repository/org/yaml/snakeyaml/1.8/snakeyaml-1.8.jar:/Users/macmini/.m2/repository/commons-codec/commons-codec/1.10/commons-codec-1.10.jar:/Users/macmini/.m2/repository/org/seleniumhq/selenium/selenium-java/2.51.0/selenium-java-2.51.0.jar:/Users/macmini/.m2/repository/org/seleniumhq/selenium/selenium-chrome-driver/2.51.0/selenium-chrome-driver-2.51.0.jar:/Users/macmini/.m2/repository/org/seleniumhq/selenium/selenium-edge-driver/2.51.0/selenium-edge-driver-2.51.0.jar:/Users/macmini/.m2/repository/org/seleniumhq/selenium/selenium-htmlunit-driver/2.51.0/selenium-htmlunit-driver-2.51.0.jar:/Users/macmini/.m2/repository/net/sourceforge/htmlunit/htmlunit/2.18/htmlunit-2.18.jar:/Users/macmini/.m2/repository/xalan/xalan/2.7.2/xalan-2.7.2.jar:/Users/macmini/.m2/repository/xalan/serializer/2.7.2/serializer-2.7.2.jar:/Users/macmini/.m2/repository/org/apache/commons/commons-lang3/3.4/commons-lang3-3.4.jar:/Users/macmini/.m2/repository/org/apache/httpcomponents/httpmime/4.5/httpmime-4.5.jar:/Users/macmini/.m2/repository/net/sourceforge/htmlunit/htmlunit-core-js/2.17/htmlunit-core-js-2.17.jar:/Users/macmini/.m2/repository/xerces/xercesImpl/2.11.0/xercesImpl-2.11.0.jar:/Users/macmini/.m2/repository/xml-apis/xml-apis/1.4.01/xml-apis-1.4.01.jar:/Users/macmini/.m2/repository/net/sourceforge/nekohtml/nekohtml/1.9.22/nekohtml-1.9.22.jar:/Users/macmini/.m2/repository/net/sourceforge/cssparser/cssparser/0.9.16/cssparser-0.9.16.jar:/Users/macmini/.m2/repository/org/w3c/css/sac/1.3/sac-1.3.jar:/Users/macmini/.m2/repository/org/eclipse/jetty/websocket/websocket-client/9.2.12.v20150709/websocket-client-9.2.12.v20150709.jar:/Users/macmini/.m2/repository/org/eclipse/jetty/jetty-util/9.2.12.v20150709/jetty-util-9.2.12.v20150709.jar:/Users/macmini/.m2/repository/org/eclipse/jetty/jetty-io/9.2.12.v20150709/jetty-io-9.2.12.v20150709.jar:/Users/macmini/.m2/repository/org/eclipse/jetty/websocket/websocket-common/9.2.12.v20150709/websocket-common-9.2.12.v20150709.jar:/Users/macmini/.m2/repository/org/eclipse/jetty/websocket/websocket-api/9.2.12.v20150709/websocket-api-9.2.12.v20150709.jar:/Users/macmini/.m2/repository/commons-collections/commons-collections/3.2.2/commons-collections-3.2.2.jar:/Users/macmini/.m2/repository/org/seleniumhq/selenium/selenium-ie-driver/2.51.0/selenium-ie-driver-2.51.0.jar:/Users/macmini/.m2/repository/net/java/dev/jna/jna/4.1.0/jna-4.1.0.jar:/Users/macmini/.m2/repository/net/java/dev/jna/jna-platform/4.1.0/jna-platform-4.1.0.jar:/Users/macmini/.m2/repository/org/seleniumhq/selenium/selenium-safari-driver/2.51.0/selenium-safari-driver-2.51.0.jar:/Users/macmini/.m2/repository/org/seleniumhq/selenium/selenium-support/2.51.0/selenium-support-2.51.0.jar:/Users/macmini/.m2/repository/org/webbitserver/webbit/0.4.14/webbit-0.4.14.jar:/Users/macmini/.m2/repository/io/netty/netty/3.5.2.Final/netty-3.5.2.Final.jar:/Users/macmini/.m2/repository/org/seleniumhq/selenium/selenium-leg-rc/2.51.0/selenium-leg-rc-2.51.0.jar:/Users/macmini/.m2/repository/org/seleniumhq/selenium/selenium-firefox-driver/2.51.0/selenium-firefox-driver-2.51.0.jar:/Users/macmini/.m2/repository/org/seleniumhq/selenium/selenium-remote-driver/2.51.0/selenium-remote-driver-2.51.0.jar:/Users/macmini/.m2/repository/cglib/cglib-nodep/2.1_3/cglib-nodep-2.1_3.jar:/Users/macmini/.m2/repository/org/seleniumhq/selenium/selenium-api/2.51.0/selenium-api-2.51.0.jar:/Users/macmini/.m2/repository/commons-io/commons-io/2.4/commons-io-2.4.jar:/Users/macmini/.m2/repository/org/apache/commons/commons-exec/1.3/commons-exec-1.3.jar:/Users/macmini/.m2/repository/com/googlecode/json-simple/json-simple/1.1/json-simple-1.1.jar:/Users/macmini/.m2/repository/org/apache/poi/poi/3.9/poi-3.9.jar:/Users/macmini/.m2/repository/io/appium/java-client/3.2.0/java-client-3.2.0.jar:/Users/macmini/.m2/repository/com/google/code/gson/gson/2.2.4/gson-2.2.4.jar:/Users/macmini/.m2/repository/org/apache/httpcomponents/httpclient/4.3.3/httpclient-4.3.3.jar:/Users/macmini/.m2/repository/org/apache/httpcomponents/httpcore/4.3.2/httpcore-4.3.2.jar:/Users/macmini/.m2/repository/commons-logging/commons-logging/1.1.3/commons-logging-1.1.3.jar:/Users/macmini/.m2/repository/com/google/guava/guava/17.0/guava-17.0.jar:/Users/macmini/.m2/repository/cglib/cglib/3.1/cglib-3.1.jar:/Users/macmini/.m2/repository/org/ow2/asm/asm/4.2/asm-4.2.jar:/Users/macmini/.m2/repository/commons-validator/commons-validator/1.4.1/commons-validator-1.4.1.jar:/Users/macmini/.m2/repository/commons-beanutils/commons-beanutils/1.8.3/commons-beanutils-1.8.3.jar:/Users/macmini/.m2/repository/commons-digester/commons-digester/1.8.1/commons-digester-1.8.1.jar:/Users/macmini/.m2/repository/ru/yandex/qatools/allure/allure-testng-adaptor/1.5.4/allure-testng-adaptor-1.5.4.jar:/Users/macmini/.m2/repository/ru/yandex/qatools/allure/allure-java-aspects/1.5.4/allure-java-aspects-1.5.4.jar:/Users/macmini/.m2/repository/ru/yandex/qatools/allure/allure-java-adaptor-api/1.5.4/allure-java-adaptor-api-1.5.4.jar:/Users/macmini/.m2/repository/ru/yandex/qatools/allure/allure-java-annotations/1.5.4/allure-java-annotations-1.5.4.jar:/Users/macmini/.m2/repository/ru/yandex/qatools/allure/allure-model/1.5.4/allure-model-1.5.4.jar:/Users/macmini/.m2/repository/org/jvnet/jaxb2_commons/jaxb2-basics-runtime/0.9.3/jaxb2-basics-runtime-0.9.3.jar:/Users/macmini/.m2/repository/ru/qatools/commons/properties/2.0.RC5/properties-2.0.RC5.jar:/Users/macmini/.m2/repository/org/slf4j/slf4j-api/1.7.12/slf4j-api-1.7.12.jar:/Users/macmini/.m2/repository/org/apache/tika/tika-core/1.7/tika-core-1.7.jar:/Users/macmini/.m2/repository/org/aspectj/aspectjrt/1.8.3/aspectjrt-1.8.3.jar:/Users/macmini/.m2/repository/log4j/log4j/1.2.17/log4j-1.2.17.jar:"/>
    <property name="java.vm.specification.version" value="1.8"/>
    <property name="sun.arch.data.model" value="64"/>
    <property name="java.home" value="/Library/Java/JavaVirtualMachines/jdk1.8.0_151.jdk/Contents/Home/jre"/>
    <property name="sun.java.command" value="/var/folders/23/y4pv324s7czgvpkps44hklg80000gn/T/surefirebooter2545616287532278128.jar /var/folders/23/y4pv324s7czgvpkps44hklg80000gn/T/surefire8149855092087910012tmp /var/folders/23/y4pv324s7czgvpkps44hklg80000gn/T/surefire6459157333565360721tmp"/>
    <property name="java.specification.vendor" value="Oracle Corporation"/>
    <property name="user.language" value="en"/>
    <property name="awt.toolkit" value="sun.lwawt.macosx.LWCToolkit"/>
    <property name="java.vm.info" value="mixed mode"/>
    <property name="java.version" value="1.8.0_151"/>
    <property name="java.ext.dirs" value="/Users/macmini/Library/Java/Extensions:/Library/Java/JavaVirtualMachines/jdk1.8.0_151.jdk/Contents/Home/jre/lib/ext:/Library/Java/Extensions:/Network/Library/Java/Extensions:/System/Library/Java/Extensions:/usr/lib/java"/>
    <property name="http.proxyHost" value="127.0.0.1"/>
    <property name="sun.boot.class.path" value="/Library/Java/JavaVirtualMachines/jdk1.8.0_151.jdk/Contents/Home/jre/lib/resources.jar:/Library/Java/JavaVirtualMachines/jdk1.8.0_151.jdk/Contents/Home/jre/lib/rt.jar:/Library/Java/JavaVirtualMachines/jdk1.8.0_151.jdk/Contents/Home/jre/lib/sunrsasign.jar:/Library/Java/JavaVirtualMachines/jdk1.8.0_151.jdk/Contents/Home/jre/lib/jsse.jar:/Library/Java/JavaVirtualMachines/jdk1.8.0_151.jdk/Contents/Home/jre/lib/jce.jar:/Library/Java/JavaVirtualMachines/jdk1.8.0_151.jdk/Contents/Home/jre/lib/charsets.jar:/Library/Java/JavaVirtualMachines/jdk1.8.0_151.jdk/Contents/Home/jre/lib/jfr.jar:/Library/Java/JavaVirtualMachines/jdk1.8.0_151.jdk/Contents/Home/jre/classes"/>
    <property name="java.vendor" value="Oracle Corporation"/>
    <property name="localRepository" value="/Users/macmini/.m2/repository"/>
    <property name="file.separator" value="/"/>
    <property name="java.vendor.url.bug" value="http://bugreport.sun.com/bugreport/"/>
    <property name="sun.cpu.endian" value="little"/>
    <property name="sun.io.unicode.encoding" value="UnicodeBig"/>
    <property name="https.proxyPort" value="8111"/>
    <property name="sun.cpu.isalist" value=""/>
  </properties>
  <testcase classname="ANDROID_ARMS.ANDROID_ARMS.FeedAdVAlidationonUI" name="Validating_feed1" time="40.667"/>
  <testcase classname="ANDROID_ARMS.ANDROID_ARMS.FeedAdVAlidationonUI" name="Validating_feed2" time="24.458"/>
  <testcase classname="ANDROID_ARMS.ANDROID_ARMS.FeedAdVAlidationonUI" name="Validating_feed3" time="78.497">
    <failure message="feed3 ad not present" type="java.lang.AssertionError">java.lang.AssertionError: feed3 ad not present
	at org.testng.Assert.fail(Assert.java:94)
	at twc.Automation.HandleWithAppium.AppiumFunctions.Check_feed3_ad(AppiumFunctions.java:429)
	at ANDROID_ARMS.ANDROID_ARMS.FeedAdVAlidationonUI.Validating_feed3(FeedAdVAlidationonUI.java:79)
</failure>
    <system-out>====== Validating feed_3 Ad TestCase Started =======
Checking for feed3 ad
</system-out>
  </testcase>
  <testcase classname="ANDROID_ARMS.ANDROID_ARMS.FeedAdVAlidationonUI" name="Validating_feed4" time="12.05"/>
  <testcase classname="ANDROID_ARMS.ANDROID_ARMS.FeedAdVAlidationonUI" name="Extended_News_page_Ad" time="78.408"/>
  <testcase classname="ANDROID_ARMS.ANDROID_ARMS.FeedAdVAlidationonUI" name="Validating_feed5" time="42.573"/>
  <testcase classname="ANDROID_ARMS.ANDROID_ARMS.FeedAdVAlidationonUI" name="Extended_hourly_page_Ad" time="167.696"/>
  <testcase classname="ANDROID_ARMS.ANDROID_ARMS.FeedAdVAlidationonUI" name="Extended_Daily_page_Ad" time="20.25"/>
  <testcase classname="ANDROID_ARMS.ANDROID_ARMS.FeedAdVAlidationonUI" name="Extended_Maps_Radar_page_Ad" time="20.738"/>
</testsuite>