<?xml version="1.0" encoding="UTF-8"?>
<!-- Generated by org.testng.reporters.JUnitReportReporter -->
<testsuite hostname="Macminis-Mac-mini.local" name="com.reports.reports.execute" tests="1" failures="0" timestamp="1 Feb 2018 16:30:12 GMT" time="10.111" errors="0">
  <testcase name="executer" time="10.111" classname="com.reports.reports.execute"/>
</testsuite> <!-- com.reports.reports.execute -->
